<?xml version="1.0" encoding="UTF-8"?>
<testng-results ignored="0" total="9" passed="9" failed="0" skipped="0">
  <reporter-output>
  </reporter-output>
  <suite started-at="2023-11-10T10:07:21 GMT-05:00" name="Default suite" finished-at="2023-11-10T10:08:00 GMT-05:00" duration-ms="39959">
    <groups>
      <group name="cucumber">
        <method signature="AbstractTestNGCucumberTests.runScenario(io.cucumber.testng.PickleWrapper,io.cucumber.testng.FeatureWrapper)[pri:0, instance:com.ninjaalgo.runner.TestNG@6150c3ec]" name="runScenario" class="io.cucumber.testng.AbstractTestNGCucumberTests"/>
      </group> <!-- cucumber -->
    </groups>
    <test started-at="2023-11-10T10:07:21 GMT-05:00" name="Default test" finished-at="2023-11-10T10:08:00 GMT-05:00" duration-ms="39959">
      <class name="com.ninjaalgo.runner.TestNG">
        <test-method is-config="true" signature="setUpClass(org.testng.ITestContext)[pri:0, instance:com.ninjaalgo.runner.TestNG@6150c3ec]" started-at="2023-11-10T10:07:21 GMT-05:00" name="setUpClass" finished-at="2023-11-10T10:07:21 GMT-05:00" duration-ms="542" status="PASS">
          <params>
            <param index="0">
              <value>
                <![CDATA[org.testng.TestRunner@7523d5a1]]>
              </value>
            </param>
          </params>
          <reporter-output>
          </reporter-output>
        </test-method> <!-- setUpClass -->
        <test-method signature="runScenario(io.cucumber.testng.PickleWrapper,io.cucumber.testng.FeatureWrapper)[pri:0, instance:com.ninjaalgo.runner.TestNG@6150c3ec]" started-at="2023-11-10T10:07:21 GMT-05:00" name="runScenario" description="Runs Cucumber Scenarios" data-provider="scenarios" finished-at="2023-11-10T10:07:26 GMT-05:00" duration-ms="5265" status="PASS">
          <params>
            <param index="0">
              <value>
                <![CDATA["For chrome browser"]]>
              </value>
            </param>
            <param index="1">
              <value>
                <![CDATA["Open and Get Started dsalgoportal"]]>
              </value>
            </param>
          </params>
          <reporter-output>
          </reporter-output>
        </test-method> <!-- runScenario -->
        <test-method signature="runScenario(io.cucumber.testng.PickleWrapper,io.cucumber.testng.FeatureWrapper)[pri:0, instance:com.ninjaalgo.runner.TestNG@6150c3ec]" started-at="2023-11-10T10:07:26 GMT-05:00" name="runScenario" description="Runs Cucumber Scenarios" data-provider="scenarios" finished-at="2023-11-10T10:07:31 GMT-05:00" duration-ms="4179" status="PASS">
          <params>
            <param index="0">
              <value>
                <![CDATA["For firefox browser"]]>
              </value>
            </param>
            <param index="1">
              <value>
                <![CDATA["Open and Get Started dsalgoportal"]]>
              </value>
            </param>
          </params>
          <reporter-output>
          </reporter-output>
        </test-method> <!-- runScenario -->
        <test-method signature="runScenario(io.cucumber.testng.PickleWrapper,io.cucumber.testng.FeatureWrapper)[pri:0, instance:com.ninjaalgo.runner.TestNG@6150c3ec]" started-at="2023-11-10T10:07:31 GMT-05:00" name="runScenario" description="Runs Cucumber Scenarios" data-provider="scenarios" finished-at="2023-11-10T10:07:38 GMT-05:00" duration-ms="7444" status="PASS">
          <params>
            <param index="0">
              <value>
                <![CDATA["For edge browser"]]>
              </value>
            </param>
            <param index="1">
              <value>
                <![CDATA["Open and Get Started dsalgoportal"]]>
              </value>
            </param>
          </params>
          <reporter-output>
          </reporter-output>
        </test-method> <!-- runScenario -->
        <test-method signature="runScenario(io.cucumber.testng.PickleWrapper,io.cucumber.testng.FeatureWrapper)[pri:0, instance:com.ninjaalgo.runner.TestNG@6150c3ec]" started-at="2023-11-10T10:07:38 GMT-05:00" name="runScenario" description="Runs Cucumber Scenarios" data-provider="scenarios" finished-at="2023-11-10T10:07:41 GMT-05:00" duration-ms="3095" status="PASS">
          <params>
            <param index="0">
              <value>
                <![CDATA["Get Started"]]>
              </value>
            </param>
            <param index="1">
              <value>
                <![CDATA["Open and Get Started dsalgoportal"]]>
              </value>
            </param>
          </params>
          <reporter-output>
          </reporter-output>
        </test-method> <!-- runScenario -->
        <test-method signature="runScenario(io.cucumber.testng.PickleWrapper,io.cucumber.testng.FeatureWrapper)[pri:0, instance:com.ninjaalgo.runner.TestNG@6150c3ec]" started-at="2023-11-10T10:07:41 GMT-05:00" name="runScenario" description="Runs Cucumber Scenarios" data-provider="scenarios" finished-at="2023-11-10T10:07:43 GMT-05:00" duration-ms="1806" status="PASS">
          <params>
            <param index="0">
              <value>
                <![CDATA["Clicking signIn"]]>
              </value>
            </param>
            <param index="1">
              <value>
                <![CDATA["Open and Login on dsalgoportal"]]>
              </value>
            </param>
          </params>
          <reporter-output>
          </reporter-output>
        </test-method> <!-- runScenario -->
        <test-method signature="runScenario(io.cucumber.testng.PickleWrapper,io.cucumber.testng.FeatureWrapper)[pri:0, instance:com.ninjaalgo.runner.TestNG@6150c3ec]" started-at="2023-11-10T10:07:43 GMT-05:00" name="runScenario" description="Runs Cucumber Scenarios" data-provider="scenarios" finished-at="2023-11-10T10:07:45 GMT-05:00" duration-ms="2228" status="PASS">
          <params>
            <param index="0">
              <value>
                <![CDATA["Login Credentials"]]>
              </value>
            </param>
            <param index="1">
              <value>
                <![CDATA["Open and Login on dsalgoportal"]]>
              </value>
            </param>
          </params>
          <reporter-output>
          </reporter-output>
        </test-method> <!-- runScenario -->
        <test-method signature="runScenario(io.cucumber.testng.PickleWrapper,io.cucumber.testng.FeatureWrapper)[pri:0, instance:com.ninjaalgo.runner.TestNG@6150c3ec]" started-at="2023-11-10T10:07:45 GMT-05:00" name="runScenario" description="Runs Cucumber Scenarios" data-provider="scenarios" finished-at="2023-11-10T10:07:55 GMT-05:00" duration-ms="9997" status="PASS">
          <params>
            <param index="0">
              <value>
                <![CDATA["Login Credentials"]]>
              </value>
            </param>
            <param index="1">
              <value>
                <![CDATA["Open and Login on dsalgoportal"]]>
              </value>
            </param>
          </params>
          <reporter-output>
          </reporter-output>
        </test-method> <!-- runScenario -->
        <test-method signature="runScenario(io.cucumber.testng.PickleWrapper,io.cucumber.testng.FeatureWrapper)[pri:0, instance:com.ninjaalgo.runner.TestNG@6150c3ec]" started-at="2023-11-10T10:07:55 GMT-05:00" name="runScenario" description="Runs Cucumber Scenarios" data-provider="scenarios" finished-at="2023-11-10T10:07:58 GMT-05:00" duration-ms="2548" status="PASS">
          <params>
            <param index="0">
              <value>
                <![CDATA["Get Data Structure module"]]>
              </value>
            </param>
            <param index="1">
              <value>
                <![CDATA["Home page of DSalgo"]]>
              </value>
            </param>
          </params>
          <reporter-output>
          </reporter-output>
        </test-method> <!-- runScenario -->
        <test-method signature="runScenario(io.cucumber.testng.PickleWrapper,io.cucumber.testng.FeatureWrapper)[pri:0, instance:com.ninjaalgo.runner.TestNG@6150c3ec]" started-at="2023-11-10T10:07:58 GMT-05:00" name="runScenario" description="Runs Cucumber Scenarios" data-provider="scenarios" finished-at="2023-11-10T10:08:00 GMT-05:00" duration-ms="2748" status="PASS">
          <params>
            <param index="0">
              <value>
                <![CDATA["Get Array module"]]>
              </value>
            </param>
            <param index="1">
              <value>
                <![CDATA["Home page of DSalgo"]]>
              </value>
            </param>
          </params>
          <reporter-output>
          </reporter-output>
        </test-method> <!-- runScenario -->
        <test-method is-config="true" signature="tearDownClass()[pri:0, instance:com.ninjaalgo.runner.TestNG@6150c3ec]" started-at="2023-11-10T10:08:00 GMT-05:00" name="tearDownClass" finished-at="2023-11-10T10:08:00 GMT-05:00" duration-ms="34" status="PASS">
          <reporter-output>
          </reporter-output>
        </test-method> <!-- tearDownClass -->
      </class> <!-- com.ninjaalgo.runner.TestNG -->
    </test> <!-- Default test -->
  </suite> <!-- Default suite -->
</testng-results>
