<?xml version="1.0" encoding="UTF-8"?>
<testng-results ignored="0" total="6" passed="6" failed="0" skipped="0">
  <reporter-output>
  </reporter-output>
  <suite started-at="2023-11-08T09:04:56 GMT-05:00" name="Default suite" finished-at="2023-11-08T09:05:06 GMT-05:00" duration-ms="10220">
    <groups>
      <group name="cucumber">
        <method signature="AbstractTestNGCucumberTests.runScenario(io.cucumber.testng.PickleWrapper,io.cucumber.testng.FeatureWrapper)[pri:0, instance:com.ninjaalgo.runner.TestNG@6150c3ec]" name="runScenario" class="io.cucumber.testng.AbstractTestNGCucumberTests"/>
      </group> <!-- cucumber -->
    </groups>
    <test started-at="2023-11-08T09:04:56 GMT-05:00" name="Default test" finished-at="2023-11-08T09:05:06 GMT-05:00" duration-ms="10220">
      <class name="com.ninjaalgo.runner.TestNG">
        <test-method is-config="true" signature="setUpClass(org.testng.ITestContext)[pri:0, instance:com.ninjaalgo.runner.TestNG@6150c3ec]" started-at="2023-11-08T09:04:56 GMT-05:00" name="setUpClass" finished-at="2023-11-08T09:04:56 GMT-05:00" duration-ms="529" status="PASS">
          <params>
            <param index="0">
              <value>
                <![CDATA[org.testng.TestRunner@1dcedc93]]>
              </value>
            </param>
          </params>
          <reporter-output>
          </reporter-output>
        </test-method> <!-- setUpClass -->
        <test-method signature="runScenario(io.cucumber.testng.PickleWrapper,io.cucumber.testng.FeatureWrapper)[pri:0, instance:com.ninjaalgo.runner.TestNG@6150c3ec]" started-at="2023-11-08T09:04:56 GMT-05:00" name="runScenario" description="Runs Cucumber Scenarios" data-provider="scenarios" finished-at="2023-11-08T09:05:02 GMT-05:00" duration-ms="5641" status="PASS">
          <params>
            <param index="0">
              <value>
                <![CDATA["For chrome browser"]]>
              </value>
            </param>
            <param index="1">
              <value>
                <![CDATA["Open and Get Started dsalgoportal"]]>
              </value>
            </param>
          </params>
          <reporter-output>
          </reporter-output>
        </test-method> <!-- runScenario -->
        <test-method signature="runScenario(io.cucumber.testng.PickleWrapper,io.cucumber.testng.FeatureWrapper)[pri:0, instance:com.ninjaalgo.runner.TestNG@6150c3ec]" started-at="2023-11-08T09:05:02 GMT-05:00" name="runScenario" description="Runs Cucumber Scenarios" data-provider="scenarios" finished-at="2023-11-08T09:05:03 GMT-05:00" duration-ms="924" status="PASS">
          <params>
            <param index="0">
              <value>
                <![CDATA["Get Started"]]>
              </value>
            </param>
            <param index="1">
              <value>
                <![CDATA["Open and Get Started dsalgoportal"]]>
              </value>
            </param>
          </params>
          <reporter-output>
          </reporter-output>
        </test-method> <!-- runScenario -->
        <test-method signature="runScenario(io.cucumber.testng.PickleWrapper,io.cucumber.testng.FeatureWrapper)[pri:0, instance:com.ninjaalgo.runner.TestNG@6150c3ec]" started-at="2023-11-08T09:05:03 GMT-05:00" name="runScenario" description="Runs Cucumber Scenarios" data-provider="scenarios" finished-at="2023-11-08T09:05:03 GMT-05:00" duration-ms="451" status="PASS">
          <params>
            <param index="0">
              <value>
                <![CDATA["Clicking signIn"]]>
              </value>
            </param>
            <param index="1">
              <value>
                <![CDATA["Open and Login on dsalgoportal"]]>
              </value>
            </param>
          </params>
          <reporter-output>
          </reporter-output>
        </test-method> <!-- runScenario -->
        <test-method signature="runScenario(io.cucumber.testng.PickleWrapper,io.cucumber.testng.FeatureWrapper)[pri:0, instance:com.ninjaalgo.runner.TestNG@6150c3ec]" started-at="2023-11-08T09:05:03 GMT-05:00" name="runScenario" description="Runs Cucumber Scenarios" data-provider="scenarios" finished-at="2023-11-08T09:05:04 GMT-05:00" duration-ms="789" status="PASS">
          <params>
            <param index="0">
              <value>
                <![CDATA["Login Credentials"]]>
              </value>
            </param>
            <param index="1">
              <value>
                <![CDATA["Open and Login on dsalgoportal"]]>
              </value>
            </param>
          </params>
          <reporter-output>
          </reporter-output>
        </test-method> <!-- runScenario -->
        <test-method signature="runScenario(io.cucumber.testng.PickleWrapper,io.cucumber.testng.FeatureWrapper)[pri:0, instance:com.ninjaalgo.runner.TestNG@6150c3ec]" started-at="2023-11-08T09:05:04 GMT-05:00" name="runScenario" description="Runs Cucumber Scenarios" data-provider="scenarios" finished-at="2023-11-08T09:05:05 GMT-05:00" duration-ms="673" status="PASS">
          <params>
            <param index="0">
              <value>
                <![CDATA["Login Credentials"]]>
              </value>
            </param>
            <param index="1">
              <value>
                <![CDATA["Open and Login on dsalgoportal"]]>
              </value>
            </param>
          </params>
          <reporter-output>
          </reporter-output>
        </test-method> <!-- runScenario -->
        <test-method signature="runScenario(io.cucumber.testng.PickleWrapper,io.cucumber.testng.FeatureWrapper)[pri:0, instance:com.ninjaalgo.runner.TestNG@6150c3ec]" started-at="2023-11-08T09:05:05 GMT-05:00" name="runScenario" description="Runs Cucumber Scenarios" data-provider="scenarios" finished-at="2023-11-08T09:05:06 GMT-05:00" duration-ms="1045" status="PASS">
          <params>
            <param index="0">
              <value>
                <![CDATA["Get Data Structure module"]]>
              </value>
            </param>
            <param index="1">
              <value>
                <![CDATA["Home page of DSalgo"]]>
              </value>
            </param>
          </params>
          <reporter-output>
          </reporter-output>
        </test-method> <!-- runScenario -->
        <test-method is-config="true" signature="tearDownClass()[pri:0, instance:com.ninjaalgo.runner.TestNG@6150c3ec]" started-at="2023-11-08T09:05:06 GMT-05:00" name="tearDownClass" finished-at="2023-11-08T09:05:06 GMT-05:00" duration-ms="94" status="PASS">
          <reporter-output>
          </reporter-output>
        </test-method> <!-- tearDownClass -->
      </class> <!-- com.ninjaalgo.runner.TestNG -->
    </test> <!-- Default test -->
  </suite> <!-- Default suite -->
</testng-results>
