<?xml version="1.0" encoding="UTF-8"?>
<!-- Generated by org.testng.reporters.JUnitXMLReporter -->
<testsuite ignored="0" hostname="DESKTOP-TNIL84B" failures="1" tests="1" name="TestArray" time="6.137" errors="0" timestamp="2023-11-19T16:04:55 GMT-05:00">
  <testcase classname="io.cucumber.testng.AbstractTestNGCucumberTests" name="runScenario" time="4.868">
    <failure type="java.lang.NullPointerException" message="Cannot invoke &amp;quot;org.openqa.selenium.WebDriver.get(String)&amp;quot; because the return value of &amp;quot;com.ninjaalgo.driverfactory.DriverFactory.getDriver()&amp;quot; is null">
      <![CDATA[java.lang.NullPointerException: Cannot invoke "org.openqa.selenium.WebDriver.get(String)" because the return value of "com.ninjaalgo.driverfactory.DriverFactory.getDriver()" is null
at com.ninjaalgo.hooks.AppHooks.beforeParallel1(AppHooks.java:62)
]]>
    </failure>
  </testcase> <!-- runScenario -->
</testsuite> <!-- TestArray -->
