<?xml version="1.0" encoding="UTF-8"?>
<!-- Generated by org.testng.reporters.JUnitXMLReporter -->
<testsuite ignored="0" hostname="DESKTOP-TNIL84B" failures="0" tests="3" name="Test" time="6.451" errors="0" timestamp="2023-11-18T15:35:22 GMT-05:00">
  <testcase classname="com.ninjaalgo.runner.DDPythonArrayTestCase" name="@BeforeClass setup" time="2.601">
    <failure type="java.lang.NullPointerException" message="Cannot invoke &amp;quot;org.openqa.selenium.WebDriver.get(String)&amp;quot; because &amp;quot;this.driver&amp;quot; is null">
      <![CDATA[java.lang.NullPointerException: Cannot invoke "org.openqa.selenium.WebDriver.get(String)" because "this.driver" is null
at com.ninjaalgo.runner.DDPythonArrayTestCase.setup(DDPythonArrayTestCase.java:44)
at java.base/java.util.concurrent.ThreadPoolExecutor.runWorker(ThreadPoolExecutor.java:1144)
at java.base/java.util.concurrent.ThreadPoolExecutor$Worker.run(ThreadPoolExecutor.java:642)
at java.base/java.lang.Thread.run(Thread.java:1623)
... Removed 8 stack frames]]>
    </failure>
  </testcase> <!-- @BeforeClass setup -->
  <testcase classname="com.ninjaalgo.runner.DDPythonArrayTestCase" name="@AfterClass afterClass" time="0.0">
    <skipped/>
  </testcase> <!-- @AfterClass afterClass -->
  <testcase classname="com.ninjaalgo.runner.DDPythonArrayTestCase" name="LoginValidity" time="0.0">
    <skipped/>
  </testcase> <!-- LoginValidity -->
  <testcase classname="com.ninjaalgo.runner.DDLoginTestCase" name="LoginValidity" time="0.591"/>
  <testcase classname="com.ninjaalgo.runner.DDLoginTestCase" name="LoginValidity" time="0.575"/>
</testsuite> <!-- Test -->
