<?xml version="1.0" encoding="UTF-8"?>
<!-- Generated by org.testng.reporters.JUnitXMLReporter -->
<testsuite ignored="0" hostname="DESKTOP-TNIL84B" failures="0" tests="3" name="Test" time="24.485" errors="0" timestamp="2023-11-22T07:57:25 GMT-05:00">
  <testcase classname="com.ninjaalgo.runner.DDLoginTestCase" name="LoginValidity" time="0.374"/>
  <testcase classname="com.ninjaalgo.runner.DDLoginTestCase" name="LoginValidity" time="4.458"/>
  <testcase classname="com.ninjaalgo.runner.DDPythonArrayTestCase" name="LoginValidity" time="0.917"/>
</testsuite> <!-- Test -->
