<?xml version="1.0" encoding="UTF-8"?>
<!-- Generated by org.testng.reporters.JUnitXMLReporter -->
<testsuite ignored="0" hostname="DESKTOP-TNIL84B" failures="0" tests="3" name="Test" time="24.947" errors="0" timestamp="26 Nov 2023 01:20:10 GMT">
  <testcase classname="com.ninjaalgo.runner.DDLoginTestCase" name="LoginValidity" time="0.471"/>
  <testcase classname="com.ninjaalgo.runner.DDLoginTestCase" name="LoginValidity" time="4.473"/>
  <testcase classname="com.ninjaalgo.runner.DDPythonArrayTestCase" name="LoginValidity" time="0.931"/>
</testsuite> <!-- Test -->
