<?xml version="1.0" encoding="UTF-8"?>
<!-- Generated by org.testng.reporters.JUnitXMLReporter -->
<testsuite ignored="0" hostname="DESKTOP-TNIL84B" failures="0" tests="3" name="Test" time="13.626" errors="0" timestamp="2023-11-18T15:32:26 GMT-05:00">
  <testcase classname="com.ninjaalgo.runner.DDLoginTestCase" name="LoginValidity" time="0.539"/>
  <testcase classname="com.ninjaalgo.runner.DDLoginTestCase" name="LoginValidity" time="0.701"/>
  <testcase classname="com.ninjaalgo.runner.DDPythonArrayTestCase" name="LoginValidity" time="0.818"/>
</testsuite> <!-- Test -->
