<?xml version="1.0" encoding="UTF-8"?>
<!-- Generated by org.testng.reporters.JUnitXMLReporter -->
<testsuite ignored="0" hostname="DESKTOP-TNIL84B" failures="1" tests="1" name="Default test" time="7.923" errors="0" timestamp="2023-11-30T21:39:28 GMT-05:00">
  <testcase classname="io.cucumber.testng.AbstractTestNGCucumberTests" name="runScenario" time="2.507">
    <failure type="java.lang.NullPointerException" message="Cannot invoke &amp;quot;org.openqa.selenium.WebDriver.get(String)&amp;quot; because &amp;quot;driver&amp;quot; is null">
      <![CDATA[java.lang.NullPointerException: Cannot invoke "org.openqa.selenium.WebDriver.get(String)" because "driver" is null
at com.ninjaalgo.steps.DDataStructure.GoTO_DataHomePage(DDataStructure.java:51)
at ✽.GoTO DataHomePage(file:///C:/Users/mdesh/git/LocalNinjaalgoproject/ninjaalgoproject/src/test/java/com/ninjaalgo/features/ITree.feature:8)
]]>
    </failure>
  </testcase> <!-- runScenario -->
</testsuite> <!-- Default test -->
