<?xml version="1.0" encoding="UTF-8"?>
<!-- Generated by org.testng.reporters.JUnitXMLReporter -->
<testsuite ignored="0" hostname="DESKTOP-TNIL84B" failures="2" tests="2" name="Default test" time="1.454" errors="0" timestamp="2023-11-18T15:19:01 GMT-05:00">
  <testcase classname="io.cucumber.testng.AbstractTestNGCucumberTests" name="runScenario" time="0.604">
    <failure type="java.lang.NullPointerException" message="Cannot invoke &amp;quot;java.lang.ThreadLocal.get()&amp;quot; because &amp;quot;com.ninjaalgo.driverfactory.DriverFactory.tDriver&amp;quot; is null">
      <![CDATA[java.lang.NullPointerException: Cannot invoke "java.lang.ThreadLocal.get()" because "com.ninjaalgo.driverfactory.DriverFactory.tDriver" is null
at com.ninjaalgo.driverfactory.DriverFactory.getDriver(DriverFactory.java:46)
at com.ninjaalgo.steps.DDataStructure.GoTO_DataHomePage(DDataStructure.java:51)
at ✽.GoTO DataHomePage(classpath:com/ninjaalgo/features/EArray.feature:11)
]]>
    </failure>
  </testcase> <!-- runScenario -->
  <testcase classname="io.cucumber.testng.AbstractTestNGCucumberTests" name="runScenario" time="0.027">
    <failure type="java.lang.NullPointerException" message="Cannot invoke &amp;quot;java.lang.ThreadLocal.get()&amp;quot; because &amp;quot;com.ninjaalgo.driverfactory.DriverFactory.tDriver&amp;quot; is null">
      <![CDATA[java.lang.NullPointerException: Cannot invoke "java.lang.ThreadLocal.get()" because "com.ninjaalgo.driverfactory.DriverFactory.tDriver" is null
at com.ninjaalgo.driverfactory.DriverFactory.getDriver(DriverFactory.java:46)
at com.ninjaalgo.steps.EArrayStep.click(EArrayStep.java:26)
at ✽.ClickOnArrayModule "Array"(classpath:com/ninjaalgo/features/EArray.feature:23)
]]>
    </failure>
  </testcase> <!-- runScenario -->
</testsuite> <!-- Default test -->
