<?xml version="1.0" encoding="UTF-8"?>
<!-- Generated by org.testng.reporters.JUnitXMLReporter -->
<testsuite ignored="0" hostname="DESKTOP-TNIL84B" failures="0" tests="1" name="Test" time="7.377" errors="0" timestamp="2023-11-08T07:08:53 GMT-05:00">
  <testcase classname="com.ninjaalgo.runner.DDLoginTestCase" name="@BeforeClass setup" time="7.073">
    <failure type="java.lang.ArrayIndexOutOfBoundsException" message="Index 1 out of bounds for length 1">
      <![CDATA[java.lang.ArrayIndexOutOfBoundsException: Index 1 out of bounds for length 1
at com.ninjaalgo.testdata.CreateTestData.WriteIntoFile(CreateTestData.java:66)
at com.ninjaalgo.runner.DDLoginTestCase.SetXmlData(DDLoginTestCase.java:35)
at com.ninjaalgo.runner.DDLoginTestCase.setup(DDLoginTestCase.java:66)
at java.base/java.util.ArrayList.forEach(ArrayList.java:1511)
... Removed 23 stack frames]]>
    </failure>
  </testcase> <!-- @BeforeClass setup -->
  <testcase classname="com.ninjaalgo.runner.DDLoginTestCase" name="@AfterClass afterClass" time="0.0">
    <skipped/>
  </testcase> <!-- @AfterClass afterClass -->
  <testcase classname="com.ninjaalgo.runner.DDLoginTestCase" name="LoginValidity" time="0.0">
    <skipped/>
  </testcase> <!-- LoginValidity -->
</testsuite> <!-- Test -->
