<?xml version="1.0" encoding="UTF-8"?>
<!-- Generated by org.testng.reporters.JUnitXMLReporter -->
<testsuite ignored="0" hostname="DESKTOP-TNIL84B" failures="0" tests="3" name="Test" time="20.33" errors="0" timestamp="2023-11-18T11:35:21 GMT-05:00">
  <testcase classname="com.ninjaalgo.runner.DDLoginTestCase" name="LoginValidity" time="1.168"/>
  <testcase classname="com.ninjaalgo.runner.DDLoginTestCase" name="LoginValidity" time="0.836"/>
  <testcase classname="com.ninjaalgo.runner.DDPythonArrayTestCase" name="LoginValidity" time="1.336"/>
</testsuite> <!-- Test -->
