# JRE version: Java(TM) SE Runtime Environment (20.0.2+9) (build 20.0.2+9-78)
# Java VM: Java HotSpot(TM) 64-Bit Server VM (20.0.2+9-78, mixed mode, sharing, tiered, compressed oops, compressed class ptrs, g1 gc, windows-amd64)
GC Precious Log:
 CardTable entry size: 512
 Card Set container configuration: InlinePtr #cards 5 size 8 Array Of Cards #cards 12 size 40 Howl #buckets 4 coarsen threshold 1843 Howl Bitmap #cards 512 size 80 coarsen threshold 460 Card regions per heap region 1 cards per card region 2048
 CPUs: 8 total, 8 available
 Memory: 7979M
 Large Page Support: Disabled
 NUMA Support: Disabled
 Compressed Oops: Enabled (32-bit)
 Heap Region Size: 1M
 Heap Min Capacity: 8M
 Heap Initial Capacity: 126M
 Heap Max Capacity: 1996M
 Pre-touch: Disabled
 Parallel Workers: 8
 Concurrent Workers: 2
 Concurrent Refinement Workers: 8
 Periodic GC: Disabled
Heap:
 garbage-first heap   total 54272K, used 38777K [0x0000000083400000, 0x0000000100000000)
  region size 1024K, 19 young (19456K), 3 survivors (3072K)
 Metaspace       used 52102K, committed 52608K, reserved 1114112K
  class space    used 6272K, committed 6528K, reserved 1048576K
GC Heap History (20 events):
Event: 1.836 GC heap before
{Heap before GC invocations=2 (full 0):
 garbage-first heap   total 129024K, used 33585K [0x0000000083400000, 0x0000000100000000)
  region size 1024K, 26 young (26624K), 2 survivors (2048K)
 Metaspace       used 21250K, committed 21504K, reserved 1114112K
  class space    used 2307K, committed 2432K, reserved 1048576K
}
Event: 1.840 GC heap after
{Heap after GC invocations=3 (full 0):
 garbage-first heap   total 129024K, used 12173K [0x0000000083400000, 0x0000000100000000)
  region size 1024K, 3 young (3072K), 3 survivors (3072K)
 Metaspace       used 21250K, committed 21504K, reserved 1114112K
  class space    used 2307K, committed 2432K, reserved 1048576K
}
Event: 2.475 GC heap before
{Heap before GC invocations=4 (full 0):
 garbage-first heap   total 45056K, used 35725K [0x0000000083400000, 0x0000000100000000)
  region size 1024K, 26 young (26624K), 3 survivors (3072K)
 Metaspace       used 26432K, committed 26752K, reserved 1114112K
  class space    used 2981K, committed 3136K, reserved 1048576K
}
Event: 2.484 GC heap after
{Heap after GC invocations=5 (full 0):
 garbage-first heap   total 45056K, used 14248K [0x0000000083400000, 0x0000000100000000)
  region size 1024K, 4 young (4096K), 4 survivors (4096K)
 Metaspace       used 26432K, committed 26752K, reserved 1114112K
  class space    used 2981K, committed 3136K, reserved 1048576K
}
Event: 3.660 GC heap before
{Heap before GC invocations=5 (full 0):
 garbage-first heap   total 45056K, used 31656K [0x0000000083400000, 0x0000000100000000)
  region size 1024K, 21 young (21504K), 4 survivors (4096K)
 Metaspace       used 30978K, committed 31296K, reserved 1114112K
  class space    used 3655K, committed 3776K, reserved 1048576K
}
Event: 3.667 GC heap after
{Heap after GC invocations=6 (full 0):
 garbage-first heap   total 45056K, used 16001K [0x0000000083400000, 0x0000000100000000)
  region size 1024K, 2 young (2048K), 2 survivors (2048K)
 Metaspace       used 30978K, committed 31296K, reserved 1114112K
  class space    used 3655K, committed 3776K, reserved 1048576K
}
Event: 7.315 GC heap before
{Heap before GC invocations=6 (full 0):
 garbage-first heap   total 45056K, used 32385K [0x0000000083400000, 0x0000000100000000)
  region size 1024K, 19 young (19456K), 2 survivors (2048K)
 Metaspace       used 35718K, committed 36096K, reserved 1114112K
  class space    used 4314K, committed 4480K, reserved 1048576K
}
Event: 7.319 GC heap after
{Heap after GC invocations=7 (full 0):
 garbage-first heap   total 45056K, used 17359K [0x0000000083400000, 0x0000000100000000)
  region size 1024K, 2 young (2048K), 2 survivors (2048K)
 Metaspace       used 35718K, committed 36096K, reserved 1114112K
  class space    used 4314K, committed 4480K, reserved 1048576K
}
Event: 7.691 GC heap before
{Heap before GC invocations=8 (full 0):
 garbage-first heap   total 45056K, used 34767K [0x0000000083400000, 0x0000000100000000)
  region size 1024K, 19 young (19456K), 2 survivors (2048K)
 Metaspace       used 39964K, committed 40448K, reserved 1114112K
  class space    used 4883K, committed 5120K, reserved 1048576K
}
Event: 7.693 GC heap after
{Heap after GC invocations=9 (full 0):
 garbage-first heap   total 54272K, used 18535K [0x0000000083400000, 0x0000000100000000)
  region size 1024K, 3 young (3072K), 3 survivors (3072K)
 Metaspace       used 39964K, committed 40448K, reserved 1114112K
  class space    used 4883K, committed 5120K, reserved 1048576K
}
Event: 15.519 GC heap before
{Heap before GC invocations=9 (full 0):
 garbage-first heap   total 54272K, used 42087K [0x0000000083400000, 0x0000000100000000)
  region size 1024K, 27 young (27648K), 3 survivors (3072K)
 Metaspace       used 41906K, committed 42432K, reserved 1114112K
  class space    used 5088K, committed 5312K, reserved 1048576K
}
Event: 15.524 GC heap after
{Heap after GC invocations=10 (full 0):
 garbage-first heap   total 54272K, used 18913K [0x0000000083400000, 0x0000000100000000)
  region size 1024K, 2 young (2048K), 2 survivors (2048K)
 Metaspace       used 41906K, committed 42432K, reserved 1114112K
  class space    used 5088K, committed 5312K, reserved 1048576K
}
Event: 17.316 GC heap before
{Heap before GC invocations=10 (full 0):
 garbage-first heap   total 54272K, used 43489K [0x0000000083400000, 0x0000000100000000)
  region size 1024K, 27 young (27648K), 2 survivors (2048K)
 Metaspace       used 44890K, committed 45376K, reserved 1114112K
  class space    used 5465K, committed 5696K, reserved 1048576K
}
Event: 17.321 GC heap after
{Heap after GC invocations=11 (full 0):
 garbage-first heap   total 54272K, used 21029K [0x0000000083400000, 0x0000000100000000)
  region size 1024K, 4 young (4096K), 4 survivors (4096K)
 Metaspace       used 44890K, committed 45376K, reserved 1114112K
  class space    used 5465K, committed 5696K, reserved 1048576K
}
Event: 20.079 GC heap before
{Heap before GC invocations=11 (full 0):
 garbage-first heap   total 54272K, used 44581K [0x0000000083400000, 0x0000000100000000)
  region size 1024K, 28 young (28672K), 4 survivors (4096K)
 Metaspace       used 49423K, committed 49920K, reserved 1114112K
  class space    used 5981K, committed 6208K, reserved 1048576K
}
Event: 20.085 GC heap after
{Heap after GC invocations=12 (full 0):
 garbage-first heap   total 54272K, used 22090K [0x0000000083400000, 0x0000000100000000)
  region size 1024K, 2 young (2048K), 2 survivors (2048K)
 Metaspace       used 49423K, committed 49920K, reserved 1114112K
  class space    used 5981K, committed 6208K, reserved 1048576K
}
Event: 20.139 GC heap before
{Heap before GC invocations=12 (full 0):
 garbage-first heap   total 54272K, used 45642K [0x0000000083400000, 0x0000000100000000)
  region size 1024K, 25 young (25600K), 2 survivors (2048K)
 Metaspace       used 49438K, committed 49920K, reserved 1114112K
  class space    used 5981K, committed 6208K, reserved 1048576K
}
Event: 20.140 GC heap after
{Heap after GC invocations=13 (full 0):
 garbage-first heap   total 54272K, used 22399K [0x0000000083400000, 0x0000000100000000)
  region size 1024K, 2 young (2048K), 2 survivors (2048K)
 Metaspace       used 49438K, committed 49920K, reserved 1114112K
  class space    used 5981K, committed 6208K, reserved 1048576K
}
Event: 20.450 GC heap before
{Heap before GC invocations=13 (full 0):
 garbage-first heap   total 54272K, used 46975K [0x0000000083400000, 0x0000000100000000)
  region size 1024K, 26 young (26624K), 2 survivors (2048K)
 Metaspace       used 51125K, committed 51648K, reserved 1114112K
  class space    used 6210K, committed 6464K, reserved 1048576K
}
Event: 20.453 GC heap after
{Heap after GC invocations=14 (full 0):
 garbage-first heap   total 54272K, used 23417K [0x0000000083400000, 0x0000000100000000)
  region size 1024K, 3 young (3072K), 3 survivors (3072K)
 Metaspace       used 51125K, committed 51648K, reserved 1114112K
  class space    used 6210K, committed 6464K, reserved 1048576K
}

